CRITICAL - 2022-07-12 03:06:20 --> The framework needs the following extension(s) installed and loaded: intl.
in SYSTEMPATH\CodeIgniter.php on line 231.
 1 SYSTEMPATH\CodeIgniter.php(231): CodeIgniter\Exceptions\FrameworkException::forMissingExtension('intl')
 2 SYSTEMPATH\CodeIgniter.php(189): CodeIgniter\CodeIgniter->resolvePlatformExtensions()
 3 ROOTPATH\spark(71): CodeIgniter\CodeIgniter->initialize()
CRITICAL - 2022-07-12 18:33:22 --> syntax error, unexpected 'endif' (T_ENDIF), expecting end of file
in APPPATH\Views\Login.php on line 28.
 1 SYSTEMPATH\View\View.php(216): CodeIgniter\View\View->CodeIgniter\View\{closure}()
 2 SYSTEMPATH\Common.php(1135): CodeIgniter\View\View->render('login', [], true)
 3 APPPATH\Controllers\Login.php(17): view('login', [...])
 4 SYSTEMPATH\CodeIgniter.php(896): App\Controllers\Login->index()
 5 SYSTEMPATH\CodeIgniter.php(466): CodeIgniter\CodeIgniter->runController(Object(App\Controllers\Login))
 6 SYSTEMPATH\CodeIgniter.php(349): CodeIgniter\CodeIgniter->handleRequest(null, Object(Config\Cache), false)
 7 FCPATH\index.php(55): CodeIgniter\CodeIgniter->run()
 8 SYSTEMPATH\Commands\Server\rewrite.php(43): require_once('FCPATH\\index.php')
CRITICAL - 2022-07-12 18:34:19 --> Use of undefined constant t_endif - assumed 't_endif' (this will throw an Error in a future version of PHP)
in APPPATH\Views\Login.php on line 28.
 1 APPPATH\Views\Login.php(28): CodeIgniter\Debug\Exceptions->errorHandler(2, 'Use of undefined constant t_endif - assumed \'t_endif\' (this will throw an Error in a future version of PHP)', 'APPPATH\\Views\\Login.php', 28, [...])
 2 SYSTEMPATH\View\View.php(213): include('APPPATH\\Views\\Login.php')
 3 SYSTEMPATH\View\View.php(216): CodeIgniter\View\View->CodeIgniter\View\{closure}()
 4 SYSTEMPATH\Common.php(1135): CodeIgniter\View\View->render('login', [], true)
 5 APPPATH\Controllers\Login.php(17): view('login', [...])
 6 SYSTEMPATH\CodeIgniter.php(896): App\Controllers\Login->index()
 7 SYSTEMPATH\CodeIgniter.php(466): CodeIgniter\CodeIgniter->runController(Object(App\Controllers\Login))
 8 SYSTEMPATH\CodeIgniter.php(349): CodeIgniter\CodeIgniter->handleRequest(null, Object(Config\Cache), false)
 9 FCPATH\index.php(55): CodeIgniter\CodeIgniter->run()
10 SYSTEMPATH\Commands\Server\rewrite.php(43): require_once('FCPATH\\index.php')
CRITICAL - 2022-07-12 18:34:21 --> Use of undefined constant t_endif - assumed 't_endif' (this will throw an Error in a future version of PHP)
in APPPATH\Views\Login.php on line 28.
 1 APPPATH\Views\Login.php(28): CodeIgniter\Debug\Exceptions->errorHandler(2, 'Use of undefined constant t_endif - assumed \'t_endif\' (this will throw an Error in a future version of PHP)', 'APPPATH\\Views\\Login.php', 28, [...])
 2 SYSTEMPATH\View\View.php(213): include('APPPATH\\Views\\Login.php')
 3 SYSTEMPATH\View\View.php(216): CodeIgniter\View\View->CodeIgniter\View\{closure}()
 4 SYSTEMPATH\Common.php(1135): CodeIgniter\View\View->render('login', [], true)
 5 APPPATH\Controllers\Login.php(17): view('login', [...])
 6 SYSTEMPATH\CodeIgniter.php(896): App\Controllers\Login->index()
 7 SYSTEMPATH\CodeIgniter.php(466): CodeIgniter\CodeIgniter->runController(Object(App\Controllers\Login))
 8 SYSTEMPATH\CodeIgniter.php(349): CodeIgniter\CodeIgniter->handleRequest(null, Object(Config\Cache), false)
 9 FCPATH\index.php(55): CodeIgniter\CodeIgniter->run()
10 SYSTEMPATH\Commands\Server\rewrite.php(43): require_once('FCPATH\\index.php')
CRITICAL - 2022-07-12 18:34:21 --> Use of undefined constant t_endif - assumed 't_endif' (this will throw an Error in a future version of PHP)
in APPPATH\Views\Login.php on line 28.
 1 APPPATH\Views\Login.php(28): CodeIgniter\Debug\Exceptions->errorHandler(2, 'Use of undefined constant t_endif - assumed \'t_endif\' (this will throw an Error in a future version of PHP)', 'APPPATH\\Views\\Login.php', 28, [...])
 2 SYSTEMPATH\View\View.php(213): include('APPPATH\\Views\\Login.php')
 3 SYSTEMPATH\View\View.php(216): CodeIgniter\View\View->CodeIgniter\View\{closure}()
 4 SYSTEMPATH\Common.php(1135): CodeIgniter\View\View->render('login', [], true)
 5 APPPATH\Controllers\Login.php(17): view('login', [...])
 6 SYSTEMPATH\CodeIgniter.php(896): App\Controllers\Login->index()
 7 SYSTEMPATH\CodeIgniter.php(466): CodeIgniter\CodeIgniter->runController(Object(App\Controllers\Login))
 8 SYSTEMPATH\CodeIgniter.php(349): CodeIgniter\CodeIgniter->handleRequest(null, Object(Config\Cache), false)
 9 FCPATH\index.php(55): CodeIgniter\CodeIgniter->run()
10 SYSTEMPATH\Commands\Server\rewrite.php(43): require_once('FCPATH\\index.php')
CRITICAL - 2022-07-12 18:34:22 --> Use of undefined constant t_endif - assumed 't_endif' (this will throw an Error in a future version of PHP)
in APPPATH\Views\Login.php on line 28.
 1 APPPATH\Views\Login.php(28): CodeIgniter\Debug\Exceptions->errorHandler(2, 'Use of undefined constant t_endif - assumed \'t_endif\' (this will throw an Error in a future version of PHP)', 'APPPATH\\Views\\Login.php', 28, [...])
 2 SYSTEMPATH\View\View.php(213): include('APPPATH\\Views\\Login.php')
 3 SYSTEMPATH\View\View.php(216): CodeIgniter\View\View->CodeIgniter\View\{closure}()
 4 SYSTEMPATH\Common.php(1135): CodeIgniter\View\View->render('login', [], true)
 5 APPPATH\Controllers\Login.php(17): view('login', [...])
 6 SYSTEMPATH\CodeIgniter.php(896): App\Controllers\Login->index()
 7 SYSTEMPATH\CodeIgniter.php(466): CodeIgniter\CodeIgniter->runController(Object(App\Controllers\Login))
 8 SYSTEMPATH\CodeIgniter.php(349): CodeIgniter\CodeIgniter->handleRequest(null, Object(Config\Cache), false)
 9 FCPATH\index.php(55): CodeIgniter\CodeIgniter->run()
10 SYSTEMPATH\Commands\Server\rewrite.php(43): require_once('FCPATH\\index.php')
CRITICAL - 2022-07-12 18:34:38 --> Use of undefined constant t_endif - assumed 't_endif' (this will throw an Error in a future version of PHP)
in APPPATH\Views\Login.php on line 28.
 1 APPPATH\Views\Login.php(28): CodeIgniter\Debug\Exceptions->errorHandler(2, 'Use of undefined constant t_endif - assumed \'t_endif\' (this will throw an Error in a future version of PHP)', 'APPPATH\\Views\\Login.php', 28, [...])
 2 SYSTEMPATH\View\View.php(213): include('APPPATH\\Views\\Login.php')
 3 SYSTEMPATH\View\View.php(216): CodeIgniter\View\View->CodeIgniter\View\{closure}()
 4 SYSTEMPATH\Common.php(1135): CodeIgniter\View\View->render('login', [], true)
 5 APPPATH\Controllers\Login.php(17): view('login', [...])
 6 SYSTEMPATH\CodeIgniter.php(896): App\Controllers\Login->index()
 7 SYSTEMPATH\CodeIgniter.php(466): CodeIgniter\CodeIgniter->runController(Object(App\Controllers\Login))
 8 SYSTEMPATH\CodeIgniter.php(349): CodeIgniter\CodeIgniter->handleRequest(null, Object(Config\Cache), false)
 9 FCPATH\index.php(55): CodeIgniter\CodeIgniter->run()
10 SYSTEMPATH\Commands\Server\rewrite.php(43): require_once('FCPATH\\index.php')
CRITICAL - 2022-07-12 18:34:39 --> Use of undefined constant t_endif - assumed 't_endif' (this will throw an Error in a future version of PHP)
in APPPATH\Views\Login.php on line 28.
 1 APPPATH\Views\Login.php(28): CodeIgniter\Debug\Exceptions->errorHandler(2, 'Use of undefined constant t_endif - assumed \'t_endif\' (this will throw an Error in a future version of PHP)', 'APPPATH\\Views\\Login.php', 28, [...])
 2 SYSTEMPATH\View\View.php(213): include('APPPATH\\Views\\Login.php')
 3 SYSTEMPATH\View\View.php(216): CodeIgniter\View\View->CodeIgniter\View\{closure}()
 4 SYSTEMPATH\Common.php(1135): CodeIgniter\View\View->render('login', [], true)
 5 APPPATH\Controllers\Login.php(17): view('login', [...])
 6 SYSTEMPATH\CodeIgniter.php(896): App\Controllers\Login->index()
 7 SYSTEMPATH\CodeIgniter.php(466): CodeIgniter\CodeIgniter->runController(Object(App\Controllers\Login))
 8 SYSTEMPATH\CodeIgniter.php(349): CodeIgniter\CodeIgniter->handleRequest(null, Object(Config\Cache), false)
 9 FCPATH\index.php(55): CodeIgniter\CodeIgniter->run()
10 SYSTEMPATH\Commands\Server\rewrite.php(43): require_once('FCPATH\\index.php')
CRITICAL - 2022-07-12 18:34:39 --> Use of undefined constant t_endif - assumed 't_endif' (this will throw an Error in a future version of PHP)
in APPPATH\Views\Login.php on line 28.
 1 APPPATH\Views\Login.php(28): CodeIgniter\Debug\Exceptions->errorHandler(2, 'Use of undefined constant t_endif - assumed \'t_endif\' (this will throw an Error in a future version of PHP)', 'APPPATH\\Views\\Login.php', 28, [...])
 2 SYSTEMPATH\View\View.php(213): include('APPPATH\\Views\\Login.php')
 3 SYSTEMPATH\View\View.php(216): CodeIgniter\View\View->CodeIgniter\View\{closure}()
 4 SYSTEMPATH\Common.php(1135): CodeIgniter\View\View->render('login', [], true)
 5 APPPATH\Controllers\Login.php(17): view('login', [...])
 6 SYSTEMPATH\CodeIgniter.php(896): App\Controllers\Login->index()
 7 SYSTEMPATH\CodeIgniter.php(466): CodeIgniter\CodeIgniter->runController(Object(App\Controllers\Login))
 8 SYSTEMPATH\CodeIgniter.php(349): CodeIgniter\CodeIgniter->handleRequest(null, Object(Config\Cache), false)
 9 FCPATH\index.php(55): CodeIgniter\CodeIgniter->run()
10 SYSTEMPATH\Commands\Server\rewrite.php(43): require_once('FCPATH\\index.php')
CRITICAL - 2022-07-12 18:34:39 --> Use of undefined constant t_endif - assumed 't_endif' (this will throw an Error in a future version of PHP)
in APPPATH\Views\Login.php on line 28.
 1 APPPATH\Views\Login.php(28): CodeIgniter\Debug\Exceptions->errorHandler(2, 'Use of undefined constant t_endif - assumed \'t_endif\' (this will throw an Error in a future version of PHP)', 'APPPATH\\Views\\Login.php', 28, [...])
 2 SYSTEMPATH\View\View.php(213): include('APPPATH\\Views\\Login.php')
 3 SYSTEMPATH\View\View.php(216): CodeIgniter\View\View->CodeIgniter\View\{closure}()
 4 SYSTEMPATH\Common.php(1135): CodeIgniter\View\View->render('login', [], true)
 5 APPPATH\Controllers\Login.php(17): view('login', [...])
 6 SYSTEMPATH\CodeIgniter.php(896): App\Controllers\Login->index()
 7 SYSTEMPATH\CodeIgniter.php(466): CodeIgniter\CodeIgniter->runController(Object(App\Controllers\Login))
 8 SYSTEMPATH\CodeIgniter.php(349): CodeIgniter\CodeIgniter->handleRequest(null, Object(Config\Cache), false)
 9 FCPATH\index.php(55): CodeIgniter\CodeIgniter->run()
10 SYSTEMPATH\Commands\Server\rewrite.php(43): require_once('FCPATH\\index.php')
CRITICAL - 2022-07-12 18:34:40 --> Use of undefined constant t_endif - assumed 't_endif' (this will throw an Error in a future version of PHP)
in APPPATH\Views\Login.php on line 28.
 1 APPPATH\Views\Login.php(28): CodeIgniter\Debug\Exceptions->errorHandler(2, 'Use of undefined constant t_endif - assumed \'t_endif\' (this will throw an Error in a future version of PHP)', 'APPPATH\\Views\\Login.php', 28, [...])
 2 SYSTEMPATH\View\View.php(213): include('APPPATH\\Views\\Login.php')
 3 SYSTEMPATH\View\View.php(216): CodeIgniter\View\View->CodeIgniter\View\{closure}()
 4 SYSTEMPATH\Common.php(1135): CodeIgniter\View\View->render('login', [], true)
 5 APPPATH\Controllers\Login.php(17): view('login', [...])
 6 SYSTEMPATH\CodeIgniter.php(896): App\Controllers\Login->index()
 7 SYSTEMPATH\CodeIgniter.php(466): CodeIgniter\CodeIgniter->runController(Object(App\Controllers\Login))
 8 SYSTEMPATH\CodeIgniter.php(349): CodeIgniter\CodeIgniter->handleRequest(null, Object(Config\Cache), false)
 9 FCPATH\index.php(55): CodeIgniter\CodeIgniter->run()
10 SYSTEMPATH\Commands\Server\rewrite.php(43): require_once('FCPATH\\index.php')
CRITICAL - 2022-07-12 18:34:40 --> Use of undefined constant t_endif - assumed 't_endif' (this will throw an Error in a future version of PHP)
in APPPATH\Views\Login.php on line 28.
 1 APPPATH\Views\Login.php(28): CodeIgniter\Debug\Exceptions->errorHandler(2, 'Use of undefined constant t_endif - assumed \'t_endif\' (this will throw an Error in a future version of PHP)', 'APPPATH\\Views\\Login.php', 28, [...])
 2 SYSTEMPATH\View\View.php(213): include('APPPATH\\Views\\Login.php')
 3 SYSTEMPATH\View\View.php(216): CodeIgniter\View\View->CodeIgniter\View\{closure}()
 4 SYSTEMPATH\Common.php(1135): CodeIgniter\View\View->render('login', [], true)
 5 APPPATH\Controllers\Login.php(17): view('login', [...])
 6 SYSTEMPATH\CodeIgniter.php(896): App\Controllers\Login->index()
 7 SYSTEMPATH\CodeIgniter.php(466): CodeIgniter\CodeIgniter->runController(Object(App\Controllers\Login))
 8 SYSTEMPATH\CodeIgniter.php(349): CodeIgniter\CodeIgniter->handleRequest(null, Object(Config\Cache), false)
 9 FCPATH\index.php(55): CodeIgniter\CodeIgniter->run()
10 SYSTEMPATH\Commands\Server\rewrite.php(43): require_once('FCPATH\\index.php')
CRITICAL - 2022-07-12 18:34:40 --> Use of undefined constant t_endif - assumed 't_endif' (this will throw an Error in a future version of PHP)
in APPPATH\Views\Login.php on line 28.
 1 APPPATH\Views\Login.php(28): CodeIgniter\Debug\Exceptions->errorHandler(2, 'Use of undefined constant t_endif - assumed \'t_endif\' (this will throw an Error in a future version of PHP)', 'APPPATH\\Views\\Login.php', 28, [...])
 2 SYSTEMPATH\View\View.php(213): include('APPPATH\\Views\\Login.php')
 3 SYSTEMPATH\View\View.php(216): CodeIgniter\View\View->CodeIgniter\View\{closure}()
 4 SYSTEMPATH\Common.php(1135): CodeIgniter\View\View->render('login', [], true)
 5 APPPATH\Controllers\Login.php(17): view('login', [...])
 6 SYSTEMPATH\CodeIgniter.php(896): App\Controllers\Login->index()
 7 SYSTEMPATH\CodeIgniter.php(466): CodeIgniter\CodeIgniter->runController(Object(App\Controllers\Login))
 8 SYSTEMPATH\CodeIgniter.php(349): CodeIgniter\CodeIgniter->handleRequest(null, Object(Config\Cache), false)
 9 FCPATH\index.php(55): CodeIgniter\CodeIgniter->run()
10 SYSTEMPATH\Commands\Server\rewrite.php(43): require_once('FCPATH\\index.php')
CRITICAL - 2022-07-12 18:34:40 --> Use of undefined constant t_endif - assumed 't_endif' (this will throw an Error in a future version of PHP)
in APPPATH\Views\Login.php on line 28.
 1 APPPATH\Views\Login.php(28): CodeIgniter\Debug\Exceptions->errorHandler(2, 'Use of undefined constant t_endif - assumed \'t_endif\' (this will throw an Error in a future version of PHP)', 'APPPATH\\Views\\Login.php', 28, [...])
 2 SYSTEMPATH\View\View.php(213): include('APPPATH\\Views\\Login.php')
 3 SYSTEMPATH\View\View.php(216): CodeIgniter\View\View->CodeIgniter\View\{closure}()
 4 SYSTEMPATH\Common.php(1135): CodeIgniter\View\View->render('login', [], true)
 5 APPPATH\Controllers\Login.php(17): view('login', [...])
 6 SYSTEMPATH\CodeIgniter.php(896): App\Controllers\Login->index()
 7 SYSTEMPATH\CodeIgniter.php(466): CodeIgniter\CodeIgniter->runController(Object(App\Controllers\Login))
 8 SYSTEMPATH\CodeIgniter.php(349): CodeIgniter\CodeIgniter->handleRequest(null, Object(Config\Cache), false)
 9 FCPATH\index.php(55): CodeIgniter\CodeIgniter->run()
10 SYSTEMPATH\Commands\Server\rewrite.php(43): require_once('FCPATH\\index.php')
CRITICAL - 2022-07-12 18:34:41 --> Use of undefined constant t_endif - assumed 't_endif' (this will throw an Error in a future version of PHP)
in APPPATH\Views\Login.php on line 28.
 1 APPPATH\Views\Login.php(28): CodeIgniter\Debug\Exceptions->errorHandler(2, 'Use of undefined constant t_endif - assumed \'t_endif\' (this will throw an Error in a future version of PHP)', 'APPPATH\\Views\\Login.php', 28, [...])
 2 SYSTEMPATH\View\View.php(213): include('APPPATH\\Views\\Login.php')
 3 SYSTEMPATH\View\View.php(216): CodeIgniter\View\View->CodeIgniter\View\{closure}()
 4 SYSTEMPATH\Common.php(1135): CodeIgniter\View\View->render('login', [], true)
 5 APPPATH\Controllers\Login.php(17): view('login', [...])
 6 SYSTEMPATH\CodeIgniter.php(896): App\Controllers\Login->index()
 7 SYSTEMPATH\CodeIgniter.php(466): CodeIgniter\CodeIgniter->runController(Object(App\Controllers\Login))
 8 SYSTEMPATH\CodeIgniter.php(349): CodeIgniter\CodeIgniter->handleRequest(null, Object(Config\Cache), false)
 9 FCPATH\index.php(55): CodeIgniter\CodeIgniter->run()
10 SYSTEMPATH\Commands\Server\rewrite.php(43): require_once('FCPATH\\index.php')
CRITICAL - 2022-07-12 18:34:41 --> Use of undefined constant t_endif - assumed 't_endif' (this will throw an Error in a future version of PHP)
in APPPATH\Views\Login.php on line 28.
 1 APPPATH\Views\Login.php(28): CodeIgniter\Debug\Exceptions->errorHandler(2, 'Use of undefined constant t_endif - assumed \'t_endif\' (this will throw an Error in a future version of PHP)', 'APPPATH\\Views\\Login.php', 28, [...])
 2 SYSTEMPATH\View\View.php(213): include('APPPATH\\Views\\Login.php')
 3 SYSTEMPATH\View\View.php(216): CodeIgniter\View\View->CodeIgniter\View\{closure}()
 4 SYSTEMPATH\Common.php(1135): CodeIgniter\View\View->render('login', [], true)
 5 APPPATH\Controllers\Login.php(17): view('login', [...])
 6 SYSTEMPATH\CodeIgniter.php(896): App\Controllers\Login->index()
 7 SYSTEMPATH\CodeIgniter.php(466): CodeIgniter\CodeIgniter->runController(Object(App\Controllers\Login))
 8 SYSTEMPATH\CodeIgniter.php(349): CodeIgniter\CodeIgniter->handleRequest(null, Object(Config\Cache), false)
 9 FCPATH\index.php(55): CodeIgniter\CodeIgniter->run()
10 SYSTEMPATH\Commands\Server\rewrite.php(43): require_once('FCPATH\\index.php')
CRITICAL - 2022-07-12 18:34:41 --> Use of undefined constant t_endif - assumed 't_endif' (this will throw an Error in a future version of PHP)
in APPPATH\Views\Login.php on line 28.
 1 APPPATH\Views\Login.php(28): CodeIgniter\Debug\Exceptions->errorHandler(2, 'Use of undefined constant t_endif - assumed \'t_endif\' (this will throw an Error in a future version of PHP)', 'APPPATH\\Views\\Login.php', 28, [...])
 2 SYSTEMPATH\View\View.php(213): include('APPPATH\\Views\\Login.php')
 3 SYSTEMPATH\View\View.php(216): CodeIgniter\View\View->CodeIgniter\View\{closure}()
 4 SYSTEMPATH\Common.php(1135): CodeIgniter\View\View->render('login', [], true)
 5 APPPATH\Controllers\Login.php(17): view('login', [...])
 6 SYSTEMPATH\CodeIgniter.php(896): App\Controllers\Login->index()
 7 SYSTEMPATH\CodeIgniter.php(466): CodeIgniter\CodeIgniter->runController(Object(App\Controllers\Login))
 8 SYSTEMPATH\CodeIgniter.php(349): CodeIgniter\CodeIgniter->handleRequest(null, Object(Config\Cache), false)
 9 FCPATH\index.php(55): CodeIgniter\CodeIgniter->run()
10 SYSTEMPATH\Commands\Server\rewrite.php(43): require_once('FCPATH\\index.php')
CRITICAL - 2022-07-12 18:34:41 --> Use of undefined constant t_endif - assumed 't_endif' (this will throw an Error in a future version of PHP)
in APPPATH\Views\Login.php on line 28.
 1 APPPATH\Views\Login.php(28): CodeIgniter\Debug\Exceptions->errorHandler(2, 'Use of undefined constant t_endif - assumed \'t_endif\' (this will throw an Error in a future version of PHP)', 'APPPATH\\Views\\Login.php', 28, [...])
 2 SYSTEMPATH\View\View.php(213): include('APPPATH\\Views\\Login.php')
 3 SYSTEMPATH\View\View.php(216): CodeIgniter\View\View->CodeIgniter\View\{closure}()
 4 SYSTEMPATH\Common.php(1135): CodeIgniter\View\View->render('login', [], true)
 5 APPPATH\Controllers\Login.php(17): view('login', [...])
 6 SYSTEMPATH\CodeIgniter.php(896): App\Controllers\Login->index()
 7 SYSTEMPATH\CodeIgniter.php(466): CodeIgniter\CodeIgniter->runController(Object(App\Controllers\Login))
 8 SYSTEMPATH\CodeIgniter.php(349): CodeIgniter\CodeIgniter->handleRequest(null, Object(Config\Cache), false)
 9 FCPATH\index.php(55): CodeIgniter\CodeIgniter->run()
10 SYSTEMPATH\Commands\Server\rewrite.php(43): require_once('FCPATH\\index.php')
CRITICAL - 2022-07-12 18:34:41 --> Use of undefined constant t_endif - assumed 't_endif' (this will throw an Error in a future version of PHP)
in APPPATH\Views\Login.php on line 28.
 1 APPPATH\Views\Login.php(28): CodeIgniter\Debug\Exceptions->errorHandler(2, 'Use of undefined constant t_endif - assumed \'t_endif\' (this will throw an Error in a future version of PHP)', 'APPPATH\\Views\\Login.php', 28, [...])
 2 SYSTEMPATH\View\View.php(213): include('APPPATH\\Views\\Login.php')
 3 SYSTEMPATH\View\View.php(216): CodeIgniter\View\View->CodeIgniter\View\{closure}()
 4 SYSTEMPATH\Common.php(1135): CodeIgniter\View\View->render('login', [], true)
 5 APPPATH\Controllers\Login.php(17): view('login', [...])
 6 SYSTEMPATH\CodeIgniter.php(896): App\Controllers\Login->index()
 7 SYSTEMPATH\CodeIgniter.php(466): CodeIgniter\CodeIgniter->runController(Object(App\Controllers\Login))
 8 SYSTEMPATH\CodeIgniter.php(349): CodeIgniter\CodeIgniter->handleRequest(null, Object(Config\Cache), false)
 9 FCPATH\index.php(55): CodeIgniter\CodeIgniter->run()
10 SYSTEMPATH\Commands\Server\rewrite.php(43): require_once('FCPATH\\index.php')
CRITICAL - 2022-07-12 18:34:42 --> Use of undefined constant t_endif - assumed 't_endif' (this will throw an Error in a future version of PHP)
in APPPATH\Views\Login.php on line 28.
 1 APPPATH\Views\Login.php(28): CodeIgniter\Debug\Exceptions->errorHandler(2, 'Use of undefined constant t_endif - assumed \'t_endif\' (this will throw an Error in a future version of PHP)', 'APPPATH\\Views\\Login.php', 28, [...])
 2 SYSTEMPATH\View\View.php(213): include('APPPATH\\Views\\Login.php')
 3 SYSTEMPATH\View\View.php(216): CodeIgniter\View\View->CodeIgniter\View\{closure}()
 4 SYSTEMPATH\Common.php(1135): CodeIgniter\View\View->render('login', [], true)
 5 APPPATH\Controllers\Login.php(17): view('login', [...])
 6 SYSTEMPATH\CodeIgniter.php(896): App\Controllers\Login->index()
 7 SYSTEMPATH\CodeIgniter.php(466): CodeIgniter\CodeIgniter->runController(Object(App\Controllers\Login))
 8 SYSTEMPATH\CodeIgniter.php(349): CodeIgniter\CodeIgniter->handleRequest(null, Object(Config\Cache), false)
 9 FCPATH\index.php(55): CodeIgniter\CodeIgniter->run()
10 SYSTEMPATH\Commands\Server\rewrite.php(43): require_once('FCPATH\\index.php')
CRITICAL - 2022-07-12 18:34:42 --> Use of undefined constant t_endif - assumed 't_endif' (this will throw an Error in a future version of PHP)
in APPPATH\Views\Login.php on line 28.
 1 APPPATH\Views\Login.php(28): CodeIgniter\Debug\Exceptions->errorHandler(2, 'Use of undefined constant t_endif - assumed \'t_endif\' (this will throw an Error in a future version of PHP)', 'APPPATH\\Views\\Login.php', 28, [...])
 2 SYSTEMPATH\View\View.php(213): include('APPPATH\\Views\\Login.php')
 3 SYSTEMPATH\View\View.php(216): CodeIgniter\View\View->CodeIgniter\View\{closure}()
 4 SYSTEMPATH\Common.php(1135): CodeIgniter\View\View->render('login', [], true)
 5 APPPATH\Controllers\Login.php(17): view('login', [...])
 6 SYSTEMPATH\CodeIgniter.php(896): App\Controllers\Login->index()
 7 SYSTEMPATH\CodeIgniter.php(466): CodeIgniter\CodeIgniter->runController(Object(App\Controllers\Login))
 8 SYSTEMPATH\CodeIgniter.php(349): CodeIgniter\CodeIgniter->handleRequest(null, Object(Config\Cache), false)
 9 FCPATH\index.php(55): CodeIgniter\CodeIgniter->run()
10 SYSTEMPATH\Commands\Server\rewrite.php(43): require_once('FCPATH\\index.php')
CRITICAL - 2022-07-12 18:43:30 --> Use of undefined constant t_endif - assumed 't_endif' (this will throw an Error in a future version of PHP)
in APPPATH\Views\Login.php on line 28.
 1 APPPATH\Views\Login.php(28): CodeIgniter\Debug\Exceptions->errorHandler(2, 'Use of undefined constant t_endif - assumed \'t_endif\' (this will throw an Error in a future version of PHP)', 'APPPATH\\Views\\Login.php', 28, [...])
 2 SYSTEMPATH\View\View.php(213): include('APPPATH\\Views\\Login.php')
 3 SYSTEMPATH\View\View.php(216): CodeIgniter\View\View->CodeIgniter\View\{closure}()
 4 SYSTEMPATH\Common.php(1135): CodeIgniter\View\View->render('login', [], true)
 5 APPPATH\Controllers\Login.php(17): view('login', [...])
 6 SYSTEMPATH\CodeIgniter.php(896): App\Controllers\Login->index()
 7 SYSTEMPATH\CodeIgniter.php(466): CodeIgniter\CodeIgniter->runController(Object(App\Controllers\Login))
 8 SYSTEMPATH\CodeIgniter.php(349): CodeIgniter\CodeIgniter->handleRequest(null, Object(Config\Cache), false)
 9 FCPATH\index.php(55): CodeIgniter\CodeIgniter->run()
10 SYSTEMPATH\Commands\Server\rewrite.php(43): require_once('FCPATH\\index.php')
CRITICAL - 2022-07-12 18:43:37 --> Use of undefined constant t_endif - assumed 't_endif' (this will throw an Error in a future version of PHP)
in APPPATH\Views\Login.php on line 28.
 1 APPPATH\Views\Login.php(28): CodeIgniter\Debug\Exceptions->errorHandler(2, 'Use of undefined constant t_endif - assumed \'t_endif\' (this will throw an Error in a future version of PHP)', 'APPPATH\\Views\\Login.php', 28, [...])
 2 SYSTEMPATH\View\View.php(213): include('APPPATH\\Views\\Login.php')
 3 SYSTEMPATH\View\View.php(216): CodeIgniter\View\View->CodeIgniter\View\{closure}()
 4 SYSTEMPATH\Common.php(1135): CodeIgniter\View\View->render('login', [], true)
 5 APPPATH\Controllers\Login.php(17): view('login', [...])
 6 SYSTEMPATH\CodeIgniter.php(896): App\Controllers\Login->index()
 7 SYSTEMPATH\CodeIgniter.php(466): CodeIgniter\CodeIgniter->runController(Object(App\Controllers\Login))
 8 SYSTEMPATH\CodeIgniter.php(349): CodeIgniter\CodeIgniter->handleRequest(null, Object(Config\Cache), false)
 9 FCPATH\index.php(55): CodeIgniter\CodeIgniter->run()
10 SYSTEMPATH\Commands\Server\rewrite.php(43): require_once('FCPATH\\index.php')
CRITICAL - 2022-07-12 18:47:38 --> Use of undefined constant t_endif - assumed 't_endif' (this will throw an Error in a future version of PHP)
in APPPATH\Views\Login.php on line 28.
 1 APPPATH\Views\Login.php(28): CodeIgniter\Debug\Exceptions->errorHandler(2, 'Use of undefined constant t_endif - assumed \'t_endif\' (this will throw an Error in a future version of PHP)', 'APPPATH\\Views\\Login.php', 28, [...])
 2 SYSTEMPATH\View\View.php(213): include('APPPATH\\Views\\Login.php')
 3 SYSTEMPATH\View\View.php(216): CodeIgniter\View\View->CodeIgniter\View\{closure}()
 4 SYSTEMPATH\Common.php(1135): CodeIgniter\View\View->render('login', [], true)
 5 APPPATH\Controllers\Login.php(17): view('login', [...])
 6 SYSTEMPATH\CodeIgniter.php(896): App\Controllers\Login->index()
 7 SYSTEMPATH\CodeIgniter.php(466): CodeIgniter\CodeIgniter->runController(Object(App\Controllers\Login))
 8 SYSTEMPATH\CodeIgniter.php(349): CodeIgniter\CodeIgniter->handleRequest(null, Object(Config\Cache), false)
 9 FCPATH\index.php(55): CodeIgniter\CodeIgniter->run()
10 SYSTEMPATH\Commands\Server\rewrite.php(43): require_once('FCPATH\\index.php')
CRITICAL - 2022-07-12 19:11:48 --> syntax error, unexpected '>'
in APPPATH\Views\Login.php on line 23.
 1 SYSTEMPATH\View\View.php(216): CodeIgniter\View\View->CodeIgniter\View\{closure}()
 2 SYSTEMPATH\Common.php(1135): CodeIgniter\View\View->render('login', [], true)
 3 APPPATH\Controllers\Login.php(17): view('login', [...])
 4 SYSTEMPATH\CodeIgniter.php(896): App\Controllers\Login->index()
 5 SYSTEMPATH\CodeIgniter.php(466): CodeIgniter\CodeIgniter->runController(Object(App\Controllers\Login))
 6 SYSTEMPATH\CodeIgniter.php(349): CodeIgniter\CodeIgniter->handleRequest(null, Object(Config\Cache), false)
 7 FCPATH\index.php(55): CodeIgniter\CodeIgniter->run()
 8 SYSTEMPATH\Commands\Server\rewrite.php(43): require_once('FCPATH\\index.php')
CRITICAL - 2022-07-12 19:11:50 --> syntax error, unexpected '>'
in APPPATH\Views\Login.php on line 23.
 1 SYSTEMPATH\View\View.php(216): CodeIgniter\View\View->CodeIgniter\View\{closure}()
 2 SYSTEMPATH\Common.php(1135): CodeIgniter\View\View->render('login', [], true)
 3 APPPATH\Controllers\Login.php(17): view('login', [...])
 4 SYSTEMPATH\CodeIgniter.php(896): App\Controllers\Login->index()
 5 SYSTEMPATH\CodeIgniter.php(466): CodeIgniter\CodeIgniter->runController(Object(App\Controllers\Login))
 6 SYSTEMPATH\CodeIgniter.php(349): CodeIgniter\CodeIgniter->handleRequest(null, Object(Config\Cache), false)
 7 FCPATH\index.php(55): CodeIgniter\CodeIgniter->run()
 8 SYSTEMPATH\Commands\Server\rewrite.php(43): require_once('FCPATH\\index.php')
CRITICAL - 2022-07-12 19:11:51 --> syntax error, unexpected '>'
in APPPATH\Views\Login.php on line 23.
 1 SYSTEMPATH\View\View.php(216): CodeIgniter\View\View->CodeIgniter\View\{closure}()
 2 SYSTEMPATH\Common.php(1135): CodeIgniter\View\View->render('login', [], true)
 3 APPPATH\Controllers\Login.php(17): view('login', [...])
 4 SYSTEMPATH\CodeIgniter.php(896): App\Controllers\Login->index()
 5 SYSTEMPATH\CodeIgniter.php(466): CodeIgniter\CodeIgniter->runController(Object(App\Controllers\Login))
 6 SYSTEMPATH\CodeIgniter.php(349): CodeIgniter\CodeIgniter->handleRequest(null, Object(Config\Cache), false)
 7 FCPATH\index.php(55): CodeIgniter\CodeIgniter->run()
 8 SYSTEMPATH\Commands\Server\rewrite.php(43): require_once('FCPATH\\index.php')
CRITICAL - 2022-07-12 19:22:57 --> Too few arguments to function CodeIgniter\Router\RouteCollection::setAutoRoute(), 0 passed in C:\xampp\htdocs\pricilla_lvl3\app\Config\Routes.php on line 41 and exactly 1 expected
in SYSTEMPATH\Router\RouteCollection.php on line 326.
 1 APPPATH\Config\Routes.php(41): CodeIgniter\Router\RouteCollection->setAutoRoute()
 2 SYSTEMPATH\CodeIgniter.php(758): require('APPPATH\\Config\\Routes.php')
 3 SYSTEMPATH\CodeIgniter.php(415): CodeIgniter\CodeIgniter->tryToRouteIt(Object(CodeIgniter\Router\RouteCollection))
 4 SYSTEMPATH\CodeIgniter.php(349): CodeIgniter\CodeIgniter->handleRequest(null, Object(Config\Cache), false)
 5 FCPATH\index.php(55): CodeIgniter\CodeIgniter->run()
 6 SYSTEMPATH\Commands\Server\rewrite.php(43): require_once('FCPATH\\index.php')
CRITICAL - 2022-07-12 19:23:44 --> Too few arguments to function CodeIgniter\Router\RouteCollection::setAutoRoute(), 0 passed in C:\xampp\htdocs\pricilla_lvl3\app\Config\Routes.php on line 40 and exactly 1 expected
in SYSTEMPATH\Router\RouteCollection.php on line 326.
 1 APPPATH\Config\Routes.php(40): CodeIgniter\Router\RouteCollection->setAutoRoute()
 2 SYSTEMPATH\CodeIgniter.php(758): require('APPPATH\\Config\\Routes.php')
 3 SYSTEMPATH\CodeIgniter.php(415): CodeIgniter\CodeIgniter->tryToRouteIt(Object(CodeIgniter\Router\RouteCollection))
 4 SYSTEMPATH\CodeIgniter.php(349): CodeIgniter\CodeIgniter->handleRequest(null, Object(Config\Cache), false)
 5 FCPATH\index.php(55): CodeIgniter\CodeIgniter->run()
 6 SYSTEMPATH\Commands\Server\rewrite.php(43): require_once('FCPATH\\index.php')
CRITICAL - 2022-07-12 19:23:45 --> Too few arguments to function CodeIgniter\Router\RouteCollection::setAutoRoute(), 0 passed in C:\xampp\htdocs\pricilla_lvl3\app\Config\Routes.php on line 40 and exactly 1 expected
in SYSTEMPATH\Router\RouteCollection.php on line 326.
 1 APPPATH\Config\Routes.php(40): CodeIgniter\Router\RouteCollection->setAutoRoute()
 2 SYSTEMPATH\CodeIgniter.php(758): require('APPPATH\\Config\\Routes.php')
 3 SYSTEMPATH\CodeIgniter.php(415): CodeIgniter\CodeIgniter->tryToRouteIt(Object(CodeIgniter\Router\RouteCollection))
 4 SYSTEMPATH\CodeIgniter.php(349): CodeIgniter\CodeIgniter->handleRequest(null, Object(Config\Cache), false)
 5 FCPATH\index.php(55): CodeIgniter\CodeIgniter->run()
 6 SYSTEMPATH\Commands\Server\rewrite.php(43): require_once('FCPATH\\index.php')
CRITICAL - 2022-07-12 19:23:52 --> Too few arguments to function CodeIgniter\Router\RouteCollection::setAutoRoute(), 0 passed in C:\xampp\htdocs\pricilla_lvl3\app\Config\Routes.php on line 40 and exactly 1 expected
in SYSTEMPATH\Router\RouteCollection.php on line 326.
 1 APPPATH\Config\Routes.php(40): CodeIgniter\Router\RouteCollection->setAutoRoute()
 2 SYSTEMPATH\CodeIgniter.php(758): require('APPPATH\\Config\\Routes.php')
 3 SYSTEMPATH\CodeIgniter.php(415): CodeIgniter\CodeIgniter->tryToRouteIt(Object(CodeIgniter\Router\RouteCollection))
 4 SYSTEMPATH\CodeIgniter.php(349): CodeIgniter\CodeIgniter->handleRequest(null, Object(Config\Cache), false)
 5 FCPATH\index.php(55): CodeIgniter\CodeIgniter->run()
 6 SYSTEMPATH\Commands\Server\rewrite.php(43): require_once('FCPATH\\index.php')
CRITICAL - 2022-07-12 19:24:06 --> Too few arguments to function CodeIgniter\Router\RouteCollection::setAutoRoute(), 0 passed in C:\xampp\htdocs\pricilla_lvl3\app\Config\Routes.php on line 40 and exactly 1 expected
in SYSTEMPATH\Router\RouteCollection.php on line 326.
 1 APPPATH\Config\Routes.php(40): CodeIgniter\Router\RouteCollection->setAutoRoute()
 2 SYSTEMPATH\CodeIgniter.php(758): require('APPPATH\\Config\\Routes.php')
 3 SYSTEMPATH\CodeIgniter.php(415): CodeIgniter\CodeIgniter->tryToRouteIt(Object(CodeIgniter\Router\RouteCollection))
 4 SYSTEMPATH\CodeIgniter.php(349): CodeIgniter\CodeIgniter->handleRequest(null, Object(Config\Cache), false)
 5 FCPATH\index.php(55): CodeIgniter\CodeIgniter->run()
 6 SYSTEMPATH\Commands\Server\rewrite.php(43): require_once('FCPATH\\index.php')
